<?xml version="1.0" encoding="UTF-8"?>
<!-- Generated by org.testng.reporters.JUnitReportReporter -->
<testsuite hostname="LNAR-PF0UHQGT" name="test.ExtentReportsWithTestNG" tests="2" failures="0" timestamp="31 May 2020 21:45:22 GMT" time="4.921" errors="0">
  <testcase name="test2" time="1.878" classname="test.ExtentReportsWithTestNG"/>
  <testcase name="test1" time="3.043" classname="test.ExtentReportsWithTestNG"/>
</testsuite> <!-- test.ExtentReportsWithTestNG -->
