<?xml version="1.0" encoding="UTF-8"?>
<!-- Generated by org.testng.reporters.JUnitReportReporter -->
<testsuite hostname="LNAR-PF0UHQGT" name="TestNg_Demo" tests="2" failures="0" timestamp="31 May 2020 20:20:26 GMT" time="5.092" errors="0">
  <testcase name="google_Search" time="3.184" classname="TestNg_Demo"/>
  <testcase name="google_Search2" time="1.908" classname="TestNg_Demo"/>
</testsuite> <!-- TestNg_Demo -->
